f:\opengl\hazel\bin-int\debug-x64\sandbox\vc141.pdb
f:\opengl\hazel\bin-int\debug-x64\sandbox\vc141.idb
f:\opengl\hazel\bin-int\debug-x64\sandbox\sandboxapp.obj
f:\opengl\hazel\bin-int\debug-x64\sandbox\application.obj
f:\opengl\hazel\bin\debug-x64\sandbox\sandbox.pdb
f:\opengl\hazel\bin-int\debug-x64\sandbox\sandbox.tlog\cl.command.1.tlog
f:\opengl\hazel\bin-int\debug-x64\sandbox\sandbox.tlog\cl.read.1.tlog
f:\opengl\hazel\bin-int\debug-x64\sandbox\sandbox.tlog\cl.write.1.tlog
f:\opengl\hazel\bin-int\debug-x64\sandbox\sandbox.tlog\link-cvtres.read.1.tlog
f:\opengl\hazel\bin-int\debug-x64\sandbox\sandbox.tlog\link-cvtres.write.1.tlog
f:\opengl\hazel\bin-int\debug-x64\sandbox\sandbox.tlog\link-rc.read.1.tlog
f:\opengl\hazel\bin-int\debug-x64\sandbox\sandbox.tlog\link-rc.write.1.tlog
f:\opengl\hazel\bin-int\debug-x64\sandbox\sandbox.tlog\link.16704-cvtres.read.1.tlog
f:\opengl\hazel\bin-int\debug-x64\sandbox\sandbox.tlog\link.16704-cvtres.write.1.tlog
f:\opengl\hazel\bin-int\debug-x64\sandbox\sandbox.tlog\link.16704-rc.read.1.tlog
f:\opengl\hazel\bin-int\debug-x64\sandbox\sandbox.tlog\link.16704-rc.write.1.tlog
f:\opengl\hazel\bin-int\debug-x64\sandbox\sandbox.tlog\link.16704.read.1.tlog
f:\opengl\hazel\bin-int\debug-x64\sandbox\sandbox.tlog\link.16704.write.1.tlog
f:\opengl\hazel\bin-int\debug-x64\sandbox\sandbox.tlog\link.command.1.tlog
f:\opengl\hazel\bin-int\debug-x64\sandbox\sandbox.tlog\link.read.1.tlog
f:\opengl\hazel\bin-int\debug-x64\sandbox\sandbox.tlog\link.write.1.tlog
